<?xml version="1.0" encoding="UTF-8"?>
<!-- Generated by org.testng.reporters.JUnitXMLReporter -->
<testsuite hostname="DESKTOP-27L34L8" name="Command line test" tests="22" failures="0" timestamp="16 Nov 2022 11:35:27 GMT" time="0.109" errors="0">
  <testcase name="countOrdinaryPoints_returnsCorrectValue_correctParametersGiven" time="0.026" classname="com.mycompany.bowling.CountingOperationsNGTest"/>
  <testcase name="countOrdinaryPoints_returnsCorrectValue_correctParametersGiven" time="0.001" classname="com.mycompany.bowling.CountingOperationsNGTest"/>
  <testcase name="countOrdinaryPoints_returnsCorrectValue_correctParametersGiven" time="0.001" classname="com.mycompany.bowling.CountingOperationsNGTest"/>
  <testcase name="countOrdinaryPoints_returnsCorrectValue_correctParametersGiven" time="0.001" classname="com.mycompany.bowling.CountingOperationsNGTest"/>
  <testcase name="countRoundPoints_returnsCorrectValues_correctParameterGiven" time="0.001" classname="com.mycompany.bowling.CountingOperationsNGTest"/>
  <testcase name="countRoundPoints_returnsCorrectValues_correctParameterGiven" time="0.001" classname="com.mycompany.bowling.CountingOperationsNGTest"/>
  <testcase name="countRoundPoints_returnsCorrectValues_correctParameterGiven" time="0.001" classname="com.mycompany.bowling.CountingOperationsNGTest"/>
  <testcase name="countRoundPoints_returnsCorrectValues_correctParameterGiven" time="0.0" classname="com.mycompany.bowling.CountingOperationsNGTest"/>
  <testcase name="countRoundPoints_returnsCorrectValues_correctParameterGiven" time="0.0" classname="com.mycompany.bowling.CountingOperationsNGTest"/>
  <testcase name="countSpare_returnsCorrectValue_correctParametersGiven" time="0.001" classname="com.mycompany.bowling.CountingOperationsNGTest"/>
  <testcase name="countSpare_returnsCorrectValue_correctParametersGiven" time="0.001" classname="com.mycompany.bowling.CountingOperationsNGTest"/>
  <testcase name="countSpare_returnsCorrectValue_correctParametersGiven" time="0.0" classname="com.mycompany.bowling.CountingOperationsNGTest"/>
  <testcase name="countSpare_returnsCorrectValue_correctParametersGiven" time="0.0" classname="com.mycompany.bowling.CountingOperationsNGTest"/>
  <testcase name="countSpare_returnsCorrectValue_correctParametersGiven" time="0.001" classname="com.mycompany.bowling.CountingOperationsNGTest"/>
  <testcase name="countSpare_returnsCorrectValue_correctParametersGiven" time="0.001" classname="com.mycompany.bowling.CountingOperationsNGTest"/>
  <testcase name="countStrike_returnsCorrectValue_correctParametersGiven" time="0.001" classname="com.mycompany.bowling.CountingOperationsNGTest"/>
  <testcase name="countStrike_returnsCorrectValue_correctParametersGiven" time="0.001" classname="com.mycompany.bowling.CountingOperationsNGTest"/>
  <testcase name="countStrike_returnsCorrectValue_correctParametersGiven" time="0.001" classname="com.mycompany.bowling.CountingOperationsNGTest"/>
  <testcase name="countStrike_returnsCorrectValue_correctParametersGiven" time="0.0" classname="com.mycompany.bowling.CountingOperationsNGTest"/>
  <testcase name="countStrike_returnsCorrectValue_correctParametersGiven" time="0.001" classname="com.mycompany.bowling.CountingOperationsNGTest"/>
  <testcase name="countStrike_returnsCorrectValue_correctParametersGiven" time="0.001" classname="com.mycompany.bowling.CountingOperationsNGTest"/>
  <testcase name="countStrike_returnsCorrectValue_correctParametersGiven" time="0.002" classname="com.mycompany.bowling.CountingOperationsNGTest"/>
</testsuite> <!-- Command line test -->
